  imgui.cpp
  imgui_demo.cpp
  imgui_draw.cpp
  imgui_impl_dx9.cpp
  imgui_impl_win32.cpp
  imgui_tables.cpp
  imgui_widgets.cpp
  main.cpp
C:\Users\dkryp\Documents\Repos\DKrypt1337\DKrypt1337_Bloodhunt\HackExternal\offset.h(38,37): warning C4244: 'initializing': conversion from 'int' to 'float', possible loss of data
C:\Users\dkryp\Documents\Repos\DKrypt1337\DKrypt1337_Bloodhunt\HackExternal\offset.h(39,38): warning C4244: 'initializing': conversion from 'int' to 'float', possible loss of data
C:\Users\dkryp\Documents\Repos\DKrypt1337\DKrypt1337_Bloodhunt\HackExternal\function.h(73,12): warning C4244: 'argument': conversion from 'time_t' to 'unsigned int', possible loss of data
C:\Users\dkryp\Documents\Repos\DKrypt1337\DKrypt1337_Bloodhunt\HackExternal\function.h(96,17): warning C4244: 'initializing': conversion from 'int' to 'float', possible loss of data
C:\Users\dkryp\Documents\Repos\DKrypt1337\DKrypt1337_Bloodhunt\HackExternal\function.h(97,17): warning C4244: 'initializing': conversion from 'int' to 'float', possible loss of data
C:\Program Files (x86)\Microsoft DirectX SDK (June 2010)\Include\dxgitype.h(12,1): warning C4005: 'DXGI_STATUS_OCCLUDED': macro redefinition
C:\Program Files (x86)\Windows Kits\10\Include\10.0.19041.0\shared\winerror.h(56388): message : see previous definition of 'DXGI_STATUS_OCCLUDED'
C:\Program Files (x86)\Microsoft DirectX SDK (June 2010)\Include\dxgitype.h(13,1): warning C4005: 'DXGI_STATUS_CLIPPED': macro redefinition
C:\Program Files (x86)\Windows Kits\10\Include\10.0.19041.0\shared\winerror.h(56397): message : see previous definition of 'DXGI_STATUS_CLIPPED'
C:\Program Files (x86)\Microsoft DirectX SDK (June 2010)\Include\dxgitype.h(14,1): warning C4005: 'DXGI_STATUS_NO_REDIRECTION': macro redefinition
C:\Program Files (x86)\Windows Kits\10\Include\10.0.19041.0\shared\winerror.h(56406): message : see previous definition of 'DXGI_STATUS_NO_REDIRECTION'
C:\Program Files (x86)\Microsoft DirectX SDK (June 2010)\Include\dxgitype.h(15,1): warning C4005: 'DXGI_STATUS_NO_DESKTOP_ACCESS': macro redefinition
C:\Program Files (x86)\Windows Kits\10\Include\10.0.19041.0\shared\winerror.h(56415): message : see previous definition of 'DXGI_STATUS_NO_DESKTOP_ACCESS'
C:\Program Files (x86)\Microsoft DirectX SDK (June 2010)\Include\dxgitype.h(16,1): warning C4005: 'DXGI_STATUS_GRAPHICS_VIDPN_SOURCE_IN_USE': macro redefinition
C:\Program Files (x86)\Windows Kits\10\Include\10.0.19041.0\shared\winerror.h(56424): message : see previous definition of 'DXGI_STATUS_GRAPHICS_VIDPN_SOURCE_IN_USE'
C:\Program Files (x86)\Microsoft DirectX SDK (June 2010)\Include\dxgitype.h(17,1): warning C4005: 'DXGI_STATUS_MODE_CHANGED': macro redefinition
C:\Program Files (x86)\Windows Kits\10\Include\10.0.19041.0\shared\winerror.h(56433): message : see previous definition of 'DXGI_STATUS_MODE_CHANGED'
C:\Program Files (x86)\Microsoft DirectX SDK (June 2010)\Include\dxgitype.h(18,1): warning C4005: 'DXGI_STATUS_MODE_CHANGE_IN_PROGRESS': macro redefinition
C:\Program Files (x86)\Windows Kits\10\Include\10.0.19041.0\shared\winerror.h(56442): message : see previous definition of 'DXGI_STATUS_MODE_CHANGE_IN_PROGRESS'
C:\Program Files (x86)\Microsoft DirectX SDK (June 2010)\Include\dxgitype.h(21,1): warning C4005: 'DXGI_ERROR_INVALID_CALL': macro redefinition
C:\Program Files (x86)\Windows Kits\10\Include\10.0.19041.0\shared\winerror.h(56457): message : see previous definition of 'DXGI_ERROR_INVALID_CALL'
C:\Program Files (x86)\Microsoft DirectX SDK (June 2010)\Include\dxgitype.h(22,1): warning C4005: 'DXGI_ERROR_NOT_FOUND': macro redefinition
C:\Program Files (x86)\Windows Kits\10\Include\10.0.19041.0\shared\winerror.h(56466): message : see previous definition of 'DXGI_ERROR_NOT_FOUND'
C:\Program Files (x86)\Microsoft DirectX SDK (June 2010)\Include\dxgitype.h(23,1): warning C4005: 'DXGI_ERROR_MORE_DATA': macro redefinition
C:\Program Files (x86)\Windows Kits\10\Include\10.0.19041.0\shared\winerror.h(56475): message : see previous definition of 'DXGI_ERROR_MORE_DATA'
C:\Program Files (x86)\Microsoft DirectX SDK (June 2010)\Include\dxgitype.h(24,1): warning C4005: 'DXGI_ERROR_UNSUPPORTED': macro redefinition
C:\Program Files (x86)\Windows Kits\10\Include\10.0.19041.0\shared\winerror.h(56484): message : see previous definition of 'DXGI_ERROR_UNSUPPORTED'
C:\Program Files (x86)\Microsoft DirectX SDK (June 2010)\Include\dxgitype.h(25,1): warning C4005: 'DXGI_ERROR_DEVICE_REMOVED': macro redefinition
C:\Program Files (x86)\Windows Kits\10\Include\10.0.19041.0\shared\winerror.h(56493): message : see previous definition of 'DXGI_ERROR_DEVICE_REMOVED'
C:\Program Files (x86)\Microsoft DirectX SDK (June 2010)\Include\dxgitype.h(26,1): warning C4005: 'DXGI_ERROR_DEVICE_HUNG': macro redefinition
C:\Program Files (x86)\Windows Kits\10\Include\10.0.19041.0\shared\winerror.h(56502): message : see previous definition of 'DXGI_ERROR_DEVICE_HUNG'
C:\Program Files (x86)\Microsoft DirectX SDK (June 2010)\Include\dxgitype.h(27,1): warning C4005: 'DXGI_ERROR_DEVICE_RESET': macro redefinition
C:\Program Files (x86)\Windows Kits\10\Include\10.0.19041.0\shared\winerror.h(56512): message : see previous definition of 'DXGI_ERROR_DEVICE_RESET'
C:\Program Files (x86)\Microsoft DirectX SDK (June 2010)\Include\dxgitype.h(28,1): warning C4005: 'DXGI_ERROR_WAS_STILL_DRAWING': macro redefinition
C:\Program Files (x86)\Windows Kits\10\Include\10.0.19041.0\shared\winerror.h(56521): message : see previous definition of 'DXGI_ERROR_WAS_STILL_DRAWING'
C:\Program Files (x86)\Microsoft DirectX SDK (June 2010)\Include\dxgitype.h(29,1): warning C4005: 'DXGI_ERROR_FRAME_STATISTICS_DISJOINT': macro redefinition
C:\Program Files (x86)\Windows Kits\10\Include\10.0.19041.0\shared\winerror.h(56531): message : see previous definition of 'DXGI_ERROR_FRAME_STATISTICS_DISJOINT'
C:\Program Files (x86)\Microsoft DirectX SDK (June 2010)\Include\dxgitype.h(30,1): warning C4005: 'DXGI_ERROR_GRAPHICS_VIDPN_SOURCE_IN_USE': macro redefinition
C:\Program Files (x86)\Windows Kits\10\Include\10.0.19041.0\shared\winerror.h(56540): message : see previous definition of 'DXGI_ERROR_GRAPHICS_VIDPN_SOURCE_IN_USE'
C:\Program Files (x86)\Microsoft DirectX SDK (June 2010)\Include\dxgitype.h(31,1): warning C4005: 'DXGI_ERROR_DRIVER_INTERNAL_ERROR': macro redefinition
C:\Program Files (x86)\Windows Kits\10\Include\10.0.19041.0\shared\winerror.h(56550): message : see previous definition of 'DXGI_ERROR_DRIVER_INTERNAL_ERROR'
C:\Program Files (x86)\Microsoft DirectX SDK (June 2010)\Include\dxgitype.h(32,1): warning C4005: 'DXGI_ERROR_NONEXCLUSIVE': macro redefinition
C:\Program Files (x86)\Windows Kits\10\Include\10.0.19041.0\shared\winerror.h(56559): message : see previous definition of 'DXGI_ERROR_NONEXCLUSIVE'
C:\Program Files (x86)\Microsoft DirectX SDK (June 2010)\Include\dxgitype.h(33,1): warning C4005: 'DXGI_ERROR_NOT_CURRENTLY_AVAILABLE': macro redefinition
C:\Program Files (x86)\Windows Kits\10\Include\10.0.19041.0\shared\winerror.h(56568): message : see previous definition of 'DXGI_ERROR_NOT_CURRENTLY_AVAILABLE'
C:\Program Files (x86)\Microsoft DirectX SDK (June 2010)\Include\dxgitype.h(34,1): warning C4005: 'DXGI_ERROR_REMOTE_CLIENT_DISCONNECTED': macro redefinition
C:\Program Files (x86)\Windows Kits\10\Include\10.0.19041.0\shared\winerror.h(56578): message : see previous definition of 'DXGI_ERROR_REMOTE_CLIENT_DISCONNECTED'
C:\Program Files (x86)\Microsoft DirectX SDK (June 2010)\Include\dxgitype.h(35,1): warning C4005: 'DXGI_ERROR_REMOTE_OUTOFMEMORY': macro redefinition
C:\Program Files (x86)\Windows Kits\10\Include\10.0.19041.0\shared\winerror.h(56587): message : see previous definition of 'DXGI_ERROR_REMOTE_OUTOFMEMORY'
C:\Program Files (x86)\Microsoft DirectX SDK (June 2010)\Include\d3d11.h(917,1): warning C4005: 'D3D11_ERROR_TOO_MANY_UNIQUE_STATE_OBJECTS': macro redefinition
C:\Program Files (x86)\Windows Kits\10\Include\10.0.19041.0\shared\winerror.h(56865): message : see previous definition of 'D3D11_ERROR_TOO_MANY_UNIQUE_STATE_OBJECTS'
C:\Program Files (x86)\Microsoft DirectX SDK (June 2010)\Include\d3d11.h(918,1): warning C4005: 'D3D11_ERROR_FILE_NOT_FOUND': macro redefinition
C:\Program Files (x86)\Windows Kits\10\Include\10.0.19041.0\shared\winerror.h(56874): message : see previous definition of 'D3D11_ERROR_FILE_NOT_FOUND'
C:\Program Files (x86)\Microsoft DirectX SDK (June 2010)\Include\d3d11.h(919,1): warning C4005: 'D3D11_ERROR_TOO_MANY_UNIQUE_VIEW_OBJECTS': macro redefinition
C:\Program Files (x86)\Windows Kits\10\Include\10.0.19041.0\shared\winerror.h(56884): message : see previous definition of 'D3D11_ERROR_TOO_MANY_UNIQUE_VIEW_OBJECTS'
C:\Program Files (x86)\Microsoft DirectX SDK (June 2010)\Include\d3d11.h(920,1): warning C4005: 'D3D11_ERROR_DEFERRED_CONTEXT_MAP_WITHOUT_INITIAL_DISCARD': macro redefinition
C:\Program Files (x86)\Windows Kits\10\Include\10.0.19041.0\shared\winerror.h(56893): message : see previous definition of 'D3D11_ERROR_DEFERRED_CONTEXT_MAP_WITHOUT_INITIAL_DISCARD'
C:\Program Files (x86)\Microsoft DirectX SDK (June 2010)\Include\d3d10.h(608,1): warning C4005: 'D3D10_ERROR_TOO_MANY_UNIQUE_STATE_OBJECTS': macro redefinition
C:\Program Files (x86)\Windows Kits\10\Include\10.0.19041.0\shared\winerror.h(56841): message : see previous definition of 'D3D10_ERROR_TOO_MANY_UNIQUE_STATE_OBJECTS'
C:\Program Files (x86)\Microsoft DirectX SDK (June 2010)\Include\d3d10.h(609,1): warning C4005: 'D3D10_ERROR_FILE_NOT_FOUND': macro redefinition
C:\Program Files (x86)\Windows Kits\10\Include\10.0.19041.0\shared\winerror.h(56850): message : see previous definition of 'D3D10_ERROR_FILE_NOT_FOUND'
C:\Users\dkryp\Documents\Repos\DKrypt1337\DKrypt1337_Bloodhunt\HackExternal\overlay.h(39,74): warning C4267: 'argument': conversion from 'size_t' to 'int', possible loss of data
C:\Users\dkryp\Documents\Repos\DKrypt1337\DKrypt1337_Bloodhunt\HackExternal\main.cpp(307,64): warning C4244: 'argument': conversion from 'int' to 'float', possible loss of data
C:\Users\dkryp\Documents\Repos\DKrypt1337\DKrypt1337_Bloodhunt\HackExternal\main.cpp(307,37): warning C4244: 'argument': conversion from 'int' to 'float', possible loss of data
C:\Users\dkryp\Documents\Repos\DKrypt1337\DKrypt1337_Bloodhunt\HackExternal\main.cpp(338,57): warning C4244: 'argument': conversion from 'double' to 'float', possible loss of data
C:\Users\dkryp\Documents\Repos\DKrypt1337\DKrypt1337_Bloodhunt\HackExternal\main.cpp(338,26): warning C4244: 'argument': conversion from 'double' to 'float', possible loss of data
C:\Users\dkryp\Documents\Repos\DKrypt1337\DKrypt1337_Bloodhunt\HackExternal\main.cpp(342,65): warning C4244: 'argument': conversion from 'double' to 'float', possible loss of data
C:\Users\dkryp\Documents\Repos\DKrypt1337\DKrypt1337_Bloodhunt\HackExternal\main.cpp(342,34): warning C4244: 'argument': conversion from 'double' to 'float', possible loss of data
C:\Users\dkryp\Documents\Repos\DKrypt1337\DKrypt1337_Bloodhunt\HackExternal\main.cpp(378,20): warning C4244: 'initializing': conversion from 'double' to 'float', possible loss of data
C:\Users\dkryp\Documents\Repos\DKrypt1337\DKrypt1337_Bloodhunt\HackExternal\main.cpp(382,93): warning C4244: 'argument': conversion from 'T' to 'int', possible loss of data
          with
          [
              T=float
          ]
C:\Users\dkryp\Documents\Repos\DKrypt1337\DKrypt1337_Bloodhunt\HackExternal\main.cpp(382,47): warning C4244: 'argument': conversion from 'double' to 'float', possible loss of data
C:\Users\dkryp\Documents\Repos\DKrypt1337\DKrypt1337_Bloodhunt\HackExternal\main.cpp(635,32): warning C4244: '=': conversion from 'LONG' to 'float', possible loss of data
C:\Users\dkryp\Documents\Repos\DKrypt1337\DKrypt1337_Bloodhunt\HackExternal\main.cpp(636,32): warning C4244: '=': conversion from 'LONG' to 'float', possible loss of data
C:\Users\dkryp\Documents\Repos\DKrypt1337\DKrypt1337_Bloodhunt\HackExternal\main.cpp(774,37): warning C4244: '=': conversion from 'uint64_t' to 'DWORD', possible loss of data
C:\Users\dkryp\Documents\Repos\DKrypt1337\DKrypt1337_Bloodhunt\HackExternal\main.cpp(777,10): warning C4129: ' ': unrecognized character escape sequence
C:\Users\dkryp\Documents\Repos\DKrypt1337\DKrypt1337_Bloodhunt\HackExternal\offset.h(38,37): warning C4838: conversion from 'int' to 'float' requires a narrowing conversion
C:\Users\dkryp\Documents\Repos\DKrypt1337\DKrypt1337_Bloodhunt\HackExternal\singleton.h(17): message : while compiling class template member function 'T &Singleton<T>::Get(void)'
          with
          [
              T=BloodHunt::Variables
          ]
C:\Users\dkryp\Documents\Repos\DKrypt1337\DKrypt1337_Bloodhunt\HackExternal\function.h(96): message : see reference to function template instantiation 'T &Singleton<T>::Get(void)' being compiled
          with
          [
              T=BloodHunt::Variables
          ]
C:\Users\dkryp\Documents\Repos\DKrypt1337\DKrypt1337_Bloodhunt\HackExternal\offset.h(23): message : see reference to class template instantiation 'Singleton<BloodHunt::Variables>' being compiled
C:\Users\dkryp\Documents\Repos\DKrypt1337\DKrypt1337_Bloodhunt\HackExternal\offset.h(39,38): warning C4838: conversion from 'int' to 'float' requires a narrowing conversion
C:\Users\dkryp\Documents\Repos\DKrypt1337\DKrypt1337_Bloodhunt\HackExternal\Mhyprot\baseadress.h(19,30): warning C4244: 'argument': conversion from 'uint64_t' to 'int', possible loss of data
C:\Users\dkryp\Documents\Repos\DKrypt1337\DKrypt1337_Bloodhunt\HackExternal\function.h(55): message : see reference to function template instantiation 'bool read_array<wchar_t>(uint64_t,T *,size_t)' being compiled
          with
          [
              T=wchar_t
          ]
C:\Program Files\Microsoft Visual Studio\2022\Community\VC\Tools\MSVC\14.32.31326\include\xstring(2603,27): warning C4244: 'argument': conversion from 'wchar_t' to 'const _Elem', possible loss of data
          with
          [
              _Elem=char
          ]
C:\Users\dkryp\Documents\Repos\DKrypt1337\DKrypt1337_Bloodhunt\HackExternal\function.h(65): message : see reference to function template instantiation 'std::basic_string<char,std::char_traits<char>,std::allocator<char>>::basic_string<std::_String_iterator<std::_String_val<std::_Simple_types<_Elem>>>,0>(_Iter,_Iter,const _Alloc &)' being compiled
          with
          [
              _Elem=wchar_t,
              _Iter=std::_String_iterator<std::_String_val<std::_Simple_types<wchar_t>>>,
              _Alloc=std::allocator<char>
          ]
C:\Users\dkryp\Documents\Repos\DKrypt1337\DKrypt1337_Bloodhunt\HackExternal\function.h(65): message : see reference to function template instantiation 'std::basic_string<char,std::char_traits<char>,std::allocator<char>>::basic_string<std::_String_iterator<std::_String_val<std::_Simple_types<_Elem>>>,0>(_Iter,_Iter,const _Alloc &)' being compiled
          with
          [
              _Elem=wchar_t,
              _Iter=std::_String_iterator<std::_String_val<std::_Simple_types<wchar_t>>>,
              _Alloc=std::allocator<char>
          ]
C:\Users\dkryp\Documents\Repos\DKrypt1337\DKrypt1337_Bloodhunt\HackExternal\Mhyprot\baseadress.h(15,31): warning C4244: 'argument': conversion from 'uint64_t' to 'int', possible loss of data
C:\Users\dkryp\Documents\Repos\DKrypt1337\DKrypt1337_Bloodhunt\HackExternal\main.cpp(49): message : see reference to function template instantiation 'bool write<float>(uint64_t,const T &)' being compiled
          with
          [
              T=float
          ]
C:\Users\dkryp\Documents\Repos\DKrypt1337\DKrypt1337_Bloodhunt\HackExternal\Mhyprot\baseadress.h(11,31): warning C4244: 'argument': conversion from 'uint64_t' to 'int', possible loss of data
C:\Users\dkryp\Documents\Repos\DKrypt1337\DKrypt1337_Bloodhunt\HackExternal\Mhyprot\baseadress.h(23): message : see reference to function template instantiation 'bool read<DWORD_PTR>(uint64_t,T &)' being compiled
          with
          [
              T=DWORD_PTR
          ]
C:\Users\dkryp\Documents\Repos\DKrypt1337\DKrypt1337_Bloodhunt\HackExternal\function.h(170): message : see reference to function template instantiation 'T read<DWORD_PTR>(uint64_t)' being compiled
          with
          [
              T=DWORD_PTR
          ]
  baseadress.cpp
C:\Users\dkryp\Documents\Repos\DKrypt1337\DKrypt1337_Bloodhunt\HackExternal\Mhyprot\readbase.hpp(10,1): warning C4005: 'NT_SUCCESS': macro redefinition
C:\Users\dkryp\Documents\Repos\DKrypt1337\DKrypt1337_Bloodhunt\HackExternal\Mhyprot\nt.hpp(34): message : see previous definition of 'NT_SUCCESS'
C:\Program Files (x86)\Windows Kits\10\Include\10.0.19041.0\shared\ntstatus.h(66,1): warning C4005: 'STATUS_WAIT_0': macro redefinition
C:\Program Files (x86)\Windows Kits\10\Include\10.0.19041.0\um\winnt.h(2510): message : see previous definition of 'STATUS_WAIT_0'
C:\Program Files (x86)\Windows Kits\10\Include\10.0.19041.0\shared\ntstatus.h(222,1): warning C4005: 'STATUS_ABANDONED_WAIT_0': macro redefinition
C:\Program Files (x86)\Windows Kits\10\Include\10.0.19041.0\um\winnt.h(2511): message : see previous definition of 'STATUS_ABANDONED_WAIT_0'
C:\Program Files (x86)\Windows Kits\10\Include\10.0.19041.0\shared\ntstatus.h(245,1): warning C4005: 'STATUS_USER_APC': macro redefinition
C:\Program Files (x86)\Windows Kits\10\Include\10.0.19041.0\um\winnt.h(2512): message : see previous definition of 'STATUS_USER_APC'
C:\Program Files (x86)\Windows Kits\10\Include\10.0.19041.0\shared\ntstatus.h(281,1): warning C4005: 'STATUS_TIMEOUT': macro redefinition
C:\Program Files (x86)\Windows Kits\10\Include\10.0.19041.0\um\winnt.h(2513): message : see previous definition of 'STATUS_TIMEOUT'
C:\Program Files (x86)\Windows Kits\10\Include\10.0.19041.0\shared\ntstatus.h(290,1): warning C4005: 'STATUS_PENDING': macro redefinition
C:\Program Files (x86)\Windows Kits\10\Include\10.0.19041.0\um\winnt.h(2514): message : see previous definition of 'STATUS_PENDING'
C:\Program Files (x86)\Windows Kits\10\Include\10.0.19041.0\shared\ntstatus.h(737,1): warning C4005: 'DBG_EXCEPTION_HANDLED': macro redefinition
C:\Program Files (x86)\Windows Kits\10\Include\10.0.19041.0\um\winnt.h(2515): message : see previous definition of 'DBG_EXCEPTION_HANDLED'
C:\Program Files (x86)\Windows Kits\10\Include\10.0.19041.0\shared\ntstatus.h(746,1): warning C4005: 'DBG_CONTINUE': macro redefinition
C:\Program Files (x86)\Windows Kits\10\Include\10.0.19041.0\um\winnt.h(2516): message : see previous definition of 'DBG_CONTINUE'
C:\Program Files (x86)\Windows Kits\10\Include\10.0.19041.0\shared\ntstatus.h(821,1): warning C4005: 'STATUS_SEGMENT_NOTIFICATION': macro redefinition
C:\Program Files (x86)\Windows Kits\10\Include\10.0.19041.0\um\winnt.h(2517): message : see previous definition of 'STATUS_SEGMENT_NOTIFICATION'
C:\Program Files (x86)\Windows Kits\10\Include\10.0.19041.0\shared\ntstatus.h(984,1): warning C4005: 'STATUS_FATAL_APP_EXIT': macro redefinition
C:\Program Files (x86)\Windows Kits\10\Include\10.0.19041.0\um\winnt.h(2518): message : see previous definition of 'STATUS_FATAL_APP_EXIT'
C:\Program Files (x86)\Windows Kits\10\Include\10.0.19041.0\shared\ntstatus.h(1304,1): warning C4005: 'DBG_REPLY_LATER': macro redefinition
C:\Program Files (x86)\Windows Kits\10\Include\10.0.19041.0\um\winnt.h(2519): message : see previous definition of 'DBG_REPLY_LATER'
C:\Program Files (x86)\Windows Kits\10\Include\10.0.19041.0\shared\ntstatus.h(1322,1): warning C4005: 'DBG_TERMINATE_THREAD': macro redefinition
C:\Program Files (x86)\Windows Kits\10\Include\10.0.19041.0\um\winnt.h(2520): message : see previous definition of 'DBG_TERMINATE_THREAD'
C:\Program Files (x86)\Windows Kits\10\Include\10.0.19041.0\shared\ntstatus.h(1331,1): warning C4005: 'DBG_TERMINATE_PROCESS': macro redefinition
C:\Program Files (x86)\Windows Kits\10\Include\10.0.19041.0\um\winnt.h(2521): message : see previous definition of 'DBG_TERMINATE_PROCESS'
C:\Program Files (x86)\Windows Kits\10\Include\10.0.19041.0\shared\ntstatus.h(1340,1): warning C4005: 'DBG_CONTROL_C': macro redefinition
C:\Program Files (x86)\Windows Kits\10\Include\10.0.19041.0\um\winnt.h(2522): message : see previous definition of 'DBG_CONTROL_C'
C:\Program Files (x86)\Windows Kits\10\Include\10.0.19041.0\shared\ntstatus.h(1349,1): warning C4005: 'DBG_PRINTEXCEPTION_C': macro redefinition
C:\Program Files (x86)\Windows Kits\10\Include\10.0.19041.0\um\winnt.h(2523): message : see previous definition of 'DBG_PRINTEXCEPTION_C'
C:\Program Files (x86)\Windows Kits\10\Include\10.0.19041.0\shared\ntstatus.h(1358,1): warning C4005: 'DBG_RIPEXCEPTION': macro redefinition
C:\Program Files (x86)\Windows Kits\10\Include\10.0.19041.0\um\winnt.h(2524): message : see previous definition of 'DBG_RIPEXCEPTION'
C:\Program Files (x86)\Windows Kits\10\Include\10.0.19041.0\shared\ntstatus.h(1367,1): warning C4005: 'DBG_CONTROL_BREAK': macro redefinition
C:\Program Files (x86)\Windows Kits\10\Include\10.0.19041.0\um\winnt.h(2525): message : see previous definition of 'DBG_CONTROL_BREAK'
C:\Program Files (x86)\Windows Kits\10\Include\10.0.19041.0\shared\ntstatus.h(1376,1): warning C4005: 'DBG_COMMAND_EXCEPTION': macro redefinition
C:\Program Files (x86)\Windows Kits\10\Include\10.0.19041.0\um\winnt.h(2526): message : see previous definition of 'DBG_COMMAND_EXCEPTION'
C:\Program Files (x86)\Windows Kits\10\Include\10.0.19041.0\shared\ntstatus.h(1385,1): warning C4005: 'DBG_PRINTEXCEPTION_WIDE_C': macro redefinition
C:\Program Files (x86)\Windows Kits\10\Include\10.0.19041.0\um\winnt.h(2527): message : see previous definition of 'DBG_PRINTEXCEPTION_WIDE_C'
C:\Program Files (x86)\Windows Kits\10\Include\10.0.19041.0\shared\ntstatus.h(1417,1): warning C4005: 'STATUS_GUARD_PAGE_VIOLATION': macro redefinition
C:\Program Files (x86)\Windows Kits\10\Include\10.0.19041.0\um\winnt.h(2528): message : see previous definition of 'STATUS_GUARD_PAGE_VIOLATION'
C:\Program Files (x86)\Windows Kits\10\Include\10.0.19041.0\shared\ntstatus.h(1428,1): warning C4005: 'STATUS_DATATYPE_MISALIGNMENT': macro redefinition
C:\Program Files (x86)\Windows Kits\10\Include\10.0.19041.0\um\winnt.h(2529): message : see previous definition of 'STATUS_DATATYPE_MISALIGNMENT'
C:\Program Files (x86)\Windows Kits\10\Include\10.0.19041.0\shared\ntstatus.h(1439,1): warning C4005: 'STATUS_BREAKPOINT': macro redefinition
C:\Program Files (x86)\Windows Kits\10\Include\10.0.19041.0\um\winnt.h(2530): message : see previous definition of 'STATUS_BREAKPOINT'
C:\Program Files (x86)\Windows Kits\10\Include\10.0.19041.0\shared\ntstatus.h(1450,1): warning C4005: 'STATUS_SINGLE_STEP': macro redefinition
C:\Program Files (x86)\Windows Kits\10\Include\10.0.19041.0\um\winnt.h(2531): message : see previous definition of 'STATUS_SINGLE_STEP'
C:\Program Files (x86)\Windows Kits\10\Include\10.0.19041.0\shared\ntstatus.h(1753,1): warning C4005: 'STATUS_LONGJUMP': macro redefinition
C:\Program Files (x86)\Windows Kits\10\Include\10.0.19041.0\um\winnt.h(2532): message : see previous definition of 'STATUS_LONGJUMP'
C:\Program Files (x86)\Windows Kits\10\Include\10.0.19041.0\shared\ntstatus.h(1780,1): warning C4005: 'STATUS_UNWIND_CONSOLIDATE': macro redefinition
C:\Program Files (x86)\Windows Kits\10\Include\10.0.19041.0\um\winnt.h(2533): message : see previous definition of 'STATUS_UNWIND_CONSOLIDATE'
C:\Program Files (x86)\Windows Kits\10\Include\10.0.19041.0\shared\ntstatus.h(1884,1): warning C4005: 'DBG_EXCEPTION_NOT_HANDLED': macro redefinition
C:\Program Files (x86)\Windows Kits\10\Include\10.0.19041.0\um\winnt.h(2534): message : see previous definition of 'DBG_EXCEPTION_NOT_HANDLED'
C:\Program Files (x86)\Windows Kits\10\Include\10.0.19041.0\shared\ntstatus.h(2030,1): warning C4005: 'STATUS_ACCESS_VIOLATION': macro redefinition
C:\Program Files (x86)\Windows Kits\10\Include\10.0.19041.0\um\winnt.h(2535): message : see previous definition of 'STATUS_ACCESS_VIOLATION'
C:\Program Files (x86)\Windows Kits\10\Include\10.0.19041.0\shared\ntstatus.h(2039,1): warning C4005: 'STATUS_IN_PAGE_ERROR': macro redefinition
C:\Program Files (x86)\Windows Kits\10\Include\10.0.19041.0\um\winnt.h(2536): message : see previous definition of 'STATUS_IN_PAGE_ERROR'
C:\Program Files (x86)\Windows Kits\10\Include\10.0.19041.0\shared\ntstatus.h(2057,1): warning C4005: 'STATUS_INVALID_HANDLE': macro redefinition
C:\Program Files (x86)\Windows Kits\10\Include\10.0.19041.0\um\winnt.h(2537): message : see previous definition of 'STATUS_INVALID_HANDLE'
C:\Program Files (x86)\Windows Kits\10\Include\10.0.19041.0\shared\ntstatus.h(2102,1): warning C4005: 'STATUS_INVALID_PARAMETER': macro redefinition
C:\Program Files (x86)\Windows Kits\10\Include\10.0.19041.0\um\winnt.h(2538): message : see previous definition of 'STATUS_INVALID_PARAMETER'
C:\Program Files (x86)\Windows Kits\10\Include\10.0.19041.0\shared\ntstatus.h(2202,1): warning C4005: 'STATUS_NO_MEMORY': macro redefinition
C:\Program Files (x86)\Windows Kits\10\Include\10.0.19041.0\um\winnt.h(2539): message : see previous definition of 'STATUS_NO_MEMORY'
C:\Program Files (x86)\Windows Kits\10\Include\10.0.19041.0\shared\ntstatus.h(2259,1): warning C4005: 'STATUS_ILLEGAL_INSTRUCTION': macro redefinition
C:\Program Files (x86)\Windows Kits\10\Include\10.0.19041.0\um\winnt.h(2540): message : see previous definition of 'STATUS_ILLEGAL_INSTRUCTION'
C:\Program Files (x86)\Windows Kits\10\Include\10.0.19041.0\shared\ntstatus.h(2340,1): warning C4005: 'STATUS_NONCONTINUABLE_EXCEPTION': macro redefinition
C:\Program Files (x86)\Windows Kits\10\Include\10.0.19041.0\um\winnt.h(2541): message : see previous definition of 'STATUS_NONCONTINUABLE_EXCEPTION'
C:\Program Files (x86)\Windows Kits\10\Include\10.0.19041.0\shared\ntstatus.h(2349,1): warning C4005: 'STATUS_INVALID_DISPOSITION': macro redefinition
C:\Program Files (x86)\Windows Kits\10\Include\10.0.19041.0\um\winnt.h(2542): message : see previous definition of 'STATUS_INVALID_DISPOSITION'
C:\Program Files (x86)\Windows Kits\10\Include\10.0.19041.0\shared\ntstatus.h(3282,1): warning C4005: 'STATUS_ARRAY_BOUNDS_EXCEEDED': macro redefinition
C:\Program Files (x86)\Windows Kits\10\Include\10.0.19041.0\um\winnt.h(2543): message : see previous definition of 'STATUS_ARRAY_BOUNDS_EXCEEDED'
C:\Program Files (x86)\Windows Kits\10\Include\10.0.19041.0\shared\ntstatus.h(3292,1): warning C4005: 'STATUS_FLOAT_DENORMAL_OPERAND': macro redefinition
C:\Program Files (x86)\Windows Kits\10\Include\10.0.19041.0\um\winnt.h(2544): message : see previous definition of 'STATUS_FLOAT_DENORMAL_OPERAND'
C:\Program Files (x86)\Windows Kits\10\Include\10.0.19041.0\shared\ntstatus.h(3302,1): warning C4005: 'STATUS_FLOAT_DIVIDE_BY_ZERO': macro redefinition
C:\Program Files (x86)\Windows Kits\10\Include\10.0.19041.0\um\winnt.h(2545): message : see previous definition of 'STATUS_FLOAT_DIVIDE_BY_ZERO'
C:\Program Files (x86)\Windows Kits\10\Include\10.0.19041.0\shared\ntstatus.h(3312,1): warning C4005: 'STATUS_FLOAT_INEXACT_RESULT': macro redefinition
C:\Program Files (x86)\Windows Kits\10\Include\10.0.19041.0\um\winnt.h(2546): message : see previous definition of 'STATUS_FLOAT_INEXACT_RESULT'
C:\Program Files (x86)\Windows Kits\10\Include\10.0.19041.0\shared\ntstatus.h(3322,1): warning C4005: 'STATUS_FLOAT_INVALID_OPERATION': macro redefinition
C:\Program Files (x86)\Windows Kits\10\Include\10.0.19041.0\um\winnt.h(2547): message : see previous definition of 'STATUS_FLOAT_INVALID_OPERATION'
C:\Program Files (x86)\Windows Kits\10\Include\10.0.19041.0\shared\ntstatus.h(3332,1): warning C4005: 'STATUS_FLOAT_OVERFLOW': macro redefinition
C:\Program Files (x86)\Windows Kits\10\Include\10.0.19041.0\um\winnt.h(2548): message : see previous definition of 'STATUS_FLOAT_OVERFLOW'
C:\Program Files (x86)\Windows Kits\10\Include\10.0.19041.0\shared\ntstatus.h(3342,1): warning C4005: 'STATUS_FLOAT_STACK_CHECK': macro redefinition
C:\Program Files (x86)\Windows Kits\10\Include\10.0.19041.0\um\winnt.h(2549): message : see previous definition of 'STATUS_FLOAT_STACK_CHECK'
C:\Program Files (x86)\Windows Kits\10\Include\10.0.19041.0\shared\ntstatus.h(3352,1): warning C4005: 'STATUS_FLOAT_UNDERFLOW': macro redefinition
C:\Program Files (x86)\Windows Kits\10\Include\10.0.19041.0\um\winnt.h(2550): message : see previous definition of 'STATUS_FLOAT_UNDERFLOW'
C:\Program Files (x86)\Windows Kits\10\Include\10.0.19041.0\shared\ntstatus.h(3362,1): warning C4005: 'STATUS_INTEGER_DIVIDE_BY_ZERO': macro redefinition
C:\Program Files (x86)\Windows Kits\10\Include\10.0.19041.0\um\winnt.h(2551): message : see previous definition of 'STATUS_INTEGER_DIVIDE_BY_ZERO'
C:\Program Files (x86)\Windows Kits\10\Include\10.0.19041.0\shared\ntstatus.h(3372,1): warning C4005: 'STATUS_INTEGER_OVERFLOW': macro redefinition
C:\Program Files (x86)\Windows Kits\10\Include\10.0.19041.0\um\winnt.h(2552): message : see previous definition of 'STATUS_INTEGER_OVERFLOW'
C:\Program Files (x86)\Windows Kits\10\Include\10.0.19041.0\shared\ntstatus.h(3382,1): warning C4005: 'STATUS_PRIVILEGED_INSTRUCTION': macro redefinition
C:\Program Files (x86)\Windows Kits\10\Include\10.0.19041.0\um\winnt.h(2553): message : see previous definition of 'STATUS_PRIVILEGED_INSTRUCTION'
C:\Program Files (x86)\Windows Kits\10\Include\10.0.19041.0\shared\ntstatus.h(4328,1): warning C4005: 'STATUS_STACK_OVERFLOW': macro redefinition
C:\Program Files (x86)\Windows Kits\10\Include\10.0.19041.0\um\winnt.h(2554): message : see previous definition of 'STATUS_STACK_OVERFLOW'
C:\Program Files (x86)\Windows Kits\10\Include\10.0.19041.0\shared\ntstatus.h(4845,1): warning C4005: 'STATUS_DLL_NOT_FOUND': macro redefinition
C:\Program Files (x86)\Windows Kits\10\Include\10.0.19041.0\um\winnt.h(2555): message : see previous definition of 'STATUS_DLL_NOT_FOUND'
C:\Program Files (x86)\Windows Kits\10\Include\10.0.19041.0\shared\ntstatus.h(4874,1): warning C4005: 'STATUS_ORDINAL_NOT_FOUND': macro redefinition
C:\Program Files (x86)\Windows Kits\10\Include\10.0.19041.0\um\winnt.h(2556): message : see previous definition of 'STATUS_ORDINAL_NOT_FOUND'
C:\Program Files (x86)\Windows Kits\10\Include\10.0.19041.0\shared\ntstatus.h(4884,1): warning C4005: 'STATUS_ENTRYPOINT_NOT_FOUND': macro redefinition
C:\Program Files (x86)\Windows Kits\10\Include\10.0.19041.0\um\winnt.h(2557): message : see previous definition of 'STATUS_ENTRYPOINT_NOT_FOUND'
C:\Program Files (x86)\Windows Kits\10\Include\10.0.19041.0\shared\ntstatus.h(4894,1): warning C4005: 'STATUS_CONTROL_C_EXIT': macro redefinition
C:\Program Files (x86)\Windows Kits\10\Include\10.0.19041.0\um\winnt.h(2558): message : see previous definition of 'STATUS_CONTROL_C_EXIT'
C:\Program Files (x86)\Windows Kits\10\Include\10.0.19041.0\shared\ntstatus.h(4972,1): warning C4005: 'STATUS_DLL_INIT_FAILED': macro redefinition
C:\Program Files (x86)\Windows Kits\10\Include\10.0.19041.0\um\winnt.h(2559): message : see previous definition of 'STATUS_DLL_INIT_FAILED'
C:\Program Files (x86)\Windows Kits\10\Include\10.0.19041.0\shared\ntstatus.h(5969,1): warning C4005: 'STATUS_CONTROL_STACK_VIOLATION': macro redefinition
C:\Program Files (x86)\Windows Kits\10\Include\10.0.19041.0\um\winnt.h(2560): message : see previous definition of 'STATUS_CONTROL_STACK_VIOLATION'
C:\Program Files (x86)\Windows Kits\10\Include\10.0.19041.0\shared\ntstatus.h(7527,1): warning C4005: 'STATUS_FLOAT_MULTIPLE_FAULTS': macro redefinition
C:\Program Files (x86)\Windows Kits\10\Include\10.0.19041.0\um\winnt.h(2561): message : see previous definition of 'STATUS_FLOAT_MULTIPLE_FAULTS'
C:\Program Files (x86)\Windows Kits\10\Include\10.0.19041.0\shared\ntstatus.h(7537,1): warning C4005: 'STATUS_FLOAT_MULTIPLE_TRAPS': macro redefinition
C:\Program Files (x86)\Windows Kits\10\Include\10.0.19041.0\um\winnt.h(2562): message : see previous definition of 'STATUS_FLOAT_MULTIPLE_TRAPS'
C:\Program Files (x86)\Windows Kits\10\Include\10.0.19041.0\shared\ntstatus.h(7669,1): warning C4005: 'STATUS_REG_NAT_CONSUMPTION': macro redefinition
C:\Program Files (x86)\Windows Kits\10\Include\10.0.19041.0\um\winnt.h(2563): message : see previous definition of 'STATUS_REG_NAT_CONSUMPTION'
C:\Program Files (x86)\Windows Kits\10\Include\10.0.19041.0\shared\ntstatus.h(8652,1): warning C4005: 'STATUS_HEAP_CORRUPTION': macro redefinition
C:\Program Files (x86)\Windows Kits\10\Include\10.0.19041.0\um\winnt.h(2564): message : see previous definition of 'STATUS_HEAP_CORRUPTION'
C:\Program Files (x86)\Windows Kits\10\Include\10.0.19041.0\shared\ntstatus.h(8880,1): warning C4005: 'STATUS_STACK_BUFFER_OVERRUN': macro redefinition
C:\Program Files (x86)\Windows Kits\10\Include\10.0.19041.0\um\winnt.h(2565): message : see previous definition of 'STATUS_STACK_BUFFER_OVERRUN'
C:\Program Files (x86)\Windows Kits\10\Include\10.0.19041.0\shared\ntstatus.h(9007,1): warning C4005: 'STATUS_INVALID_CRUNTIME_PARAMETER': macro redefinition
C:\Program Files (x86)\Windows Kits\10\Include\10.0.19041.0\um\winnt.h(2566): message : see previous definition of 'STATUS_INVALID_CRUNTIME_PARAMETER'
C:\Program Files (x86)\Windows Kits\10\Include\10.0.19041.0\shared\ntstatus.h(9070,1): warning C4005: 'STATUS_ASSERTION_FAILURE': macro redefinition
C:\Program Files (x86)\Windows Kits\10\Include\10.0.19041.0\um\winnt.h(2567): message : see previous definition of 'STATUS_ASSERTION_FAILURE'
C:\Program Files (x86)\Windows Kits\10\Include\10.0.19041.0\shared\ntstatus.h(9988,1): warning C4005: 'STATUS_ENCLAVE_VIOLATION': macro redefinition
C:\Program Files (x86)\Windows Kits\10\Include\10.0.19041.0\um\winnt.h(2568): message : see previous definition of 'STATUS_ENCLAVE_VIOLATION'
C:\Program Files (x86)\Windows Kits\10\Include\10.0.19041.0\shared\ntstatus.h(10415,1): warning C4005: 'STATUS_INTERRUPTED': macro redefinition
C:\Program Files (x86)\Windows Kits\10\Include\10.0.19041.0\um\winnt.h(2569): message : see previous definition of 'STATUS_INTERRUPTED'
C:\Program Files (x86)\Windows Kits\10\Include\10.0.19041.0\shared\ntstatus.h(10424,1): warning C4005: 'STATUS_THREAD_NOT_RUNNING': macro redefinition
C:\Program Files (x86)\Windows Kits\10\Include\10.0.19041.0\um\winnt.h(2570): message : see previous definition of 'STATUS_THREAD_NOT_RUNNING'
C:\Program Files (x86)\Windows Kits\10\Include\10.0.19041.0\shared\ntstatus.h(10718,1): warning C4005: 'STATUS_ALREADY_REGISTERED': macro redefinition
C:\Program Files (x86)\Windows Kits\10\Include\10.0.19041.0\um\winnt.h(2571): message : see previous definition of 'STATUS_ALREADY_REGISTERED'
C:\Program Files (x86)\Windows Kits\10\Include\10.0.19041.0\shared\ntstatus.h(14352,1): warning C4005: 'STATUS_SXS_EARLY_DEACTIVATION': macro redefinition
C:\Program Files (x86)\Windows Kits\10\Include\10.0.19041.0\um\winnt.h(2573): message : see previous definition of 'STATUS_SXS_EARLY_DEACTIVATION'
C:\Program Files (x86)\Windows Kits\10\Include\10.0.19041.0\shared\ntstatus.h(14361,1): warning C4005: 'STATUS_SXS_INVALID_DEACTIVATION': macro redefinition
C:\Program Files (x86)\Windows Kits\10\Include\10.0.19041.0\um\winnt.h(2574): message : see previous definition of 'STATUS_SXS_INVALID_DEACTIVATION'
C:\Users\dkryp\Documents\Repos\DKrypt1337\DKrypt1337_Bloodhunt\HackExternal\Mhyprot\readbase.hpp(106,33): warning C4200: nonstandard extension used: zero-sized array in struct/union
C:\Users\dkryp\Documents\Repos\DKrypt1337\DKrypt1337_Bloodhunt\HackExternal\Mhyprot\readbase.hpp(106,33): message : This member will be ignored by a defaulted constructor or copy/move assignment operator
C:\Users\dkryp\Documents\Repos\DKrypt1337\DKrypt1337_Bloodhunt\HackExternal\Mhyprot\readbase.hpp(122,16): warning C4200: nonstandard extension used: zero-sized array in struct/union
C:\Users\dkryp\Documents\Repos\DKrypt1337\DKrypt1337_Bloodhunt\HackExternal\Mhyprot\readbase.hpp(122,16): message : This member will be ignored by a defaulted constructor or copy/move assignment operator
C:\Users\dkryp\Documents\Repos\DKrypt1337\DKrypt1337_Bloodhunt\HackExternal\Mhyprot\baseadress.cpp(234,10): warning C4476: 'printf' : unknown type field character '/' in format specifier
C:\Users\dkryp\Documents\Repos\DKrypt1337\DKrypt1337_Bloodhunt\HackExternal\Mhyprot\baseadress.cpp(234,10): warning C4476: 'printf' : unknown type field character 'P' in format specifier
C:\Users\dkryp\Documents\Repos\DKrypt1337\DKrypt1337_Bloodhunt\HackExternal\Mhyprot\baseadress.cpp(234,10): warning C4476: 'printf' : unknown type field character '(' in format specifier
C:\Users\dkryp\Documents\Repos\DKrypt1337\DKrypt1337_Bloodhunt\HackExternal\Mhyprot\baseadress.cpp(234,10): warning C4476: 'printf' : unknown type field character ')' in format specifier
C:\Users\dkryp\Documents\Repos\DKrypt1337\DKrypt1337_Bloodhunt\HackExternal\Mhyprot\readbase.hpp(387,1): warning C4267: 'argument': conversion from 'size_t' to 'ULONG', possible loss of data
C:\Users\dkryp\Documents\Repos\DKrypt1337\DKrypt1337_Bloodhunt\HackExternal\Mhyprot\baseadress.cpp(53): message : see reference to function template instantiation 'std::unique_ptr<SYSTEM_HANDLE_INFORMATION,std::default_delete<SYSTEM_HANDLE_INFORMATION>> QueryInfo<SYSTEM_HANDLE_INFORMATION>(SYSTEM_INFORMATION_CLASS)' being compiled
  file_utils.cpp
  mhyprot.cpp
C:\Users\dkryp\Documents\Repos\DKrypt1337\DKrypt1337_Bloodhunt\HackExternal\Mhyprot\mhyprot.cpp(293,46): warning C4267: 'initializing': conversion from 'size_t' to 'DWORD', possible loss of data
C:\Users\dkryp\Documents\Repos\DKrypt1337\DKrypt1337_Bloodhunt\HackExternal\Mhyprot\mhyprot.cpp(302,25): warning C4267: '=': conversion from 'size_t' to 'ULONG', possible loss of data
C:\Users\dkryp\Documents\Repos\DKrypt1337\DKrypt1337_Bloodhunt\HackExternal\Mhyprot\mhyprot.cpp(331,24): warning C4267: '=': conversion from 'size_t' to 'ULONG', possible loss of data
C:\Users\dkryp\Documents\Repos\DKrypt1337\DKrypt1337_Bloodhunt\HackExternal\Mhyprot\mhyprot.cpp(355,24): warning C4267: '=': conversion from 'size_t' to 'ULONG', possible loss of data
  service_utils.cpp
  utils.cpp
  win_utils.cpp
  Generating code
  Previous IPDB not found, fall back to full compilation.
  All 1967 functions were compiled because no usable IPDB/IOBJ from previous compilation was found.
  Finished generating code
  HackExternal.vcxproj -> C:\Users\dkryp\Documents\Repos\DKrypt1337\DKrypt1337_Bloodhunt\x64\Release\JP_BH.exe
