c:\users\dkryp\documents\repos\dkrypt1337\dkrypt1337_bloodhunt\jp_bloodhunt\x64\release\vc143.pdb
c:\users\dkryp\documents\repos\dkrypt1337\dkrypt1337_bloodhunt\jp_bloodhunt\x64\release\win_utils.obj
c:\users\dkryp\documents\repos\dkrypt1337\dkrypt1337_bloodhunt\jp_bloodhunt\x64\release\utils.obj
c:\users\dkryp\documents\repos\dkrypt1337\dkrypt1337_bloodhunt\jp_bloodhunt\x64\release\service_utils.obj
c:\users\dkryp\documents\repos\dkrypt1337\dkrypt1337_bloodhunt\jp_bloodhunt\x64\release\mhyprot.obj
c:\users\dkryp\documents\repos\dkrypt1337\dkrypt1337_bloodhunt\jp_bloodhunt\x64\release\file_utils.obj
c:\users\dkryp\documents\repos\dkrypt1337\dkrypt1337_bloodhunt\jp_bloodhunt\x64\release\baseadress.obj
c:\users\dkryp\documents\repos\dkrypt1337\dkrypt1337_bloodhunt\jp_bloodhunt\x64\release\main.obj
c:\users\dkryp\documents\repos\dkrypt1337\dkrypt1337_bloodhunt\jp_bloodhunt\x64\release\imgui_widgets.obj
c:\users\dkryp\documents\repos\dkrypt1337\dkrypt1337_bloodhunt\jp_bloodhunt\x64\release\imgui_tables.obj
c:\users\dkryp\documents\repos\dkrypt1337\dkrypt1337_bloodhunt\jp_bloodhunt\x64\release\imgui_impl_win32.obj
c:\users\dkryp\documents\repos\dkrypt1337\dkrypt1337_bloodhunt\jp_bloodhunt\x64\release\imgui_impl_dx9.obj
c:\users\dkryp\documents\repos\dkrypt1337\dkrypt1337_bloodhunt\jp_bloodhunt\x64\release\imgui_draw.obj
c:\users\dkryp\documents\repos\dkrypt1337\dkrypt1337_bloodhunt\jp_bloodhunt\x64\release\imgui_demo.obj
c:\users\dkryp\documents\repos\dkrypt1337\dkrypt1337_bloodhunt\jp_bloodhunt\x64\release\imgui.obj
c:\users\dkryp\documents\repos\dkrypt1337\dkrypt1337_bloodhunt\x64\release\jp_bh.exe
c:\users\dkryp\documents\repos\dkrypt1337\dkrypt1337_bloodhunt\jp_bloodhunt\x64\release\jp_bh.ipdb
c:\users\dkryp\documents\repos\dkrypt1337\dkrypt1337_bloodhunt\x64\release\jp_bh.pdb
c:\users\dkryp\documents\repos\dkrypt1337\dkrypt1337_bloodhunt\jp_bloodhunt\x64\release\jp_bh.iobj
c:\users\dkryp\documents\repos\dkrypt1337\dkrypt1337_bloodhunt\jp_bloodhunt\x64\release\jp_bh.tlog\cl.command.1.tlog
c:\users\dkryp\documents\repos\dkrypt1337\dkrypt1337_bloodhunt\jp_bloodhunt\x64\release\jp_bh.tlog\cl.read.1.tlog
c:\users\dkryp\documents\repos\dkrypt1337\dkrypt1337_bloodhunt\jp_bloodhunt\x64\release\jp_bh.tlog\cl.write.1.tlog
c:\users\dkryp\documents\repos\dkrypt1337\dkrypt1337_bloodhunt\jp_bloodhunt\x64\release\jp_bh.tlog\link.command.1.tlog
c:\users\dkryp\documents\repos\dkrypt1337\dkrypt1337_bloodhunt\jp_bloodhunt\x64\release\jp_bh.tlog\link.read.1.tlog
c:\users\dkryp\documents\repos\dkrypt1337\dkrypt1337_bloodhunt\jp_bloodhunt\x64\release\jp_bh.tlog\link.write.1.tlog
